<?xml version="1.0" encoding="UTF-8"?>
<!-- Generated by org.testng.reporters.JUnitXMLReporter -->
<testsuite ignored="0" hostname="icanio-HP-Pavilion-Laptop-14-dv0xxx" failures="0" tests="5" name="Personal info test" time="625.593" errors="0" timestamp="2022-02-10T12:16:06 IST">
  <testcase classname="tests.personalInfo" name="getBasicPage" time="76.402"/>
  <testcase classname="tests.personalInfo" name="getAdmissionsServicesMastersProductsPage" time="0.153"/>
  <testcase classname="tests.personalInfo" name="clickonBoardAcademicInfoPage" time="0.124"/>
  <testcase classname="tests.personalInfo" name="validateNegativePersonalInfo" time="161.415"/>
  <testcase classname="tests.personalInfo" name="validatePositivePersonalInfo" time="353.107"/>
</testsuite> <!-- Personal info test -->
