<?xml version="1.0" encoding="UTF-8"?>
<!-- Generated by org.testng.reporters.JUnitXMLReporter -->
<testsuite ignored="1" hostname="icanio-HP-Pavilion-Laptop-14-dv0xxx" failures="0" tests="2" name="Sslc test" time="2.802" errors="0" timestamp="2022-02-10T15:28:36 IST">
  <testcase classname="tests.sSLC" name="clickAddDetailsAndTenthGrade" time="0.33"/>
  <testcase classname="tests.sSLC" name="validateNegativeTenthGradeInfo" time="2.469"/>
  <testcase classname="tests.sSLC" name="validateTenthGradeInfo" time="0.0">
    <ignored/>
  </testcase> <!-- validateTenthGradeInfo -->
</testsuite> <!-- Sslc test -->
