<?xml version="1.0" encoding="UTF-8"?>
<!-- Generated by org.testng.reporters.JUnitXMLReporter -->
<testsuite ignored="1" hostname="icanio-HP-Pavilion-Laptop-14-dv0xxx" failures="0" tests="2" name="Undergraduate test" time="2.985" errors="0" timestamp="2022-02-10T15:28:46 IST">
  <testcase classname="tests.underGraduate" name="clickAddDetailsAndUnderGrad" time="0.935"/>
  <testcase classname="tests.underGraduate" name="validateNegativeUnderGradInfo" time="2.045"/>
  <testcase classname="tests.underGraduate" name="validateunderGradInfo" time="0.0">
    <ignored/>
  </testcase> <!-- validateunderGradInfo -->
</testsuite> <!-- Undergraduate test -->
