<?xml version="1.0" encoding="UTF-8"?>
<!-- Generated by org.testng.reporters.JUnitXMLReporter -->
<testsuite ignored="1" hostname="NAREN" failures="0" tests="8" name="LoginTest" time="100.255" errors="0" timestamp="2022-01-22T12:18:31 IST">
  <testcase classname="tests.login" name="doLogIn" time="22.998"/>
  <testcase classname="tests.login" name="doLogIn" time="12.735"/>
  <testcase classname="tests.personalInfo" name="doLogIn" time="11.537"/>
  <testcase classname="tests.personalInfo" name="doLogIn" time="11.996"/>
  <testcase classname="tests.personalInfo" name="getBasicPage" time="3.395"/>
  <testcase classname="tests.personalInfo" name="getAdmissionsServicesMastersProductsPage" time="2.575"/>
  <testcase classname="tests.personalInfo" name="clickonBoardAcademicInfoPage" time="0.168"/>
  <testcase classname="tests.personalInfo" name="validateNegativePersonalInfo" time="10.753"/>
  <testcase classname="tests.personalInfo" name="validatePersonalInfo" time="0.0">
    <ignored/>
  </testcase> <!-- validatePersonalInfo -->
</testsuite> <!-- LoginTest -->
