<?xml version="1.0" encoding="UTF-8"?>
<!-- Generated by org.testng.reporters.JUnitXMLReporter -->
<testsuite ignored="1" hostname="icanio-HP-Pavilion-Laptop-14-dv0xxx" failures="0" tests="2" name="Diplomo test" time="4.177" errors="0" timestamp="2022-02-10T17:28:10 IST">
  <testcase classname="tests.diploma" name="clickAddDetailsAndDiplomaButton" time="0.465"/>
  <testcase classname="tests.diploma" name="validateNegativeDiplomaInfo" time="3.705"/>
  <testcase classname="tests.diploma" name="validateDiplomaInfo" time="0.0">
    <ignored/>
  </testcase> <!-- validateDiplomaInfo -->
</testsuite> <!-- Diplomo test -->
