<?xml version="1.0" encoding="UTF-8"?>
<!-- Generated by org.testng.reporters.JUnitXMLReporter -->
<testsuite ignored="1" hostname="icanio-HP-Pavilion-Laptop-14-dv0xxx" failures="0" tests="2" name="Plus two test" time="2.501" errors="0" timestamp="2022-02-10T17:28:05 IST">
  <testcase classname="tests.plusTwo" name="clickAddDetailsAndPlus2Grade" time="0.322"/>
  <testcase classname="tests.plusTwo" name="validateNegativePlus2GradeInfo" time="2.173"/>
  <testcase classname="tests.plusTwo" name="validatePlus2GradeInfo" time="0.0">
    <ignored/>
  </testcase> <!-- validatePlus2GradeInfo -->
</testsuite> <!-- Plus two test -->
