<?xml version="1.0" encoding="UTF-8"?>
<!-- Generated by org.testng.reporters.JUnitXMLReporter -->
<testsuite ignored="1" hostname="icanio-HP-Pavilion-Laptop-14-dv0xxx" failures="0" tests="2" name="Postgraduate test" time="2.544" errors="0" timestamp="2022-02-10T17:28:15 IST">
  <testcase classname="tests.postGraduate" name="clickAddDetailsAndPostGrad" time="0.381"/>
  <testcase classname="tests.postGraduate" name="validateNegativePostGradInfo" time="2.156"/>
  <testcase classname="tests.postGraduate" name="validatePostGradInfo" time="0.0">
    <ignored/>
  </testcase> <!-- validatePostGradInfo -->
</testsuite> <!-- Postgraduate test -->
