<?xml version="1.0" encoding="UTF-8"?>
<!-- Generated by org.testng.reporters.JUnitXMLReporter -->
<testsuite ignored="1" hostname="icanio-HP-Pavilion-Laptop-14-dv0xxx" failures="0" tests="2" name="Sslc test" time="2.838" errors="0" timestamp="2022-02-10T17:28:03 IST">
  <testcase classname="tests.sSLC" name="clickAddDetailsAndTenthGrade" time="0.474"/>
  <testcase classname="tests.sSLC" name="validateNegativeTenthGradeInfo" time="2.359"/>
  <testcase classname="tests.sSLC" name="validateTenthGradeInfo" time="0.0">
    <ignored/>
  </testcase> <!-- validateTenthGradeInfo -->
</testsuite> <!-- Sslc test -->
