<?xml version="1.0" encoding="UTF-8"?>
<!-- Generated by org.testng.reporters.JUnitXMLReporter -->
<testsuite ignored="0" hostname="icanio-HP-Pavilion-Laptop-14-dv0xxx" failures="0" tests="5" name="Personal info test" time="7.018" errors="0" timestamp="2022-02-10T17:28:00 IST">
  <testcase classname="tests.personalInfo" name="getBasicPage" time="0.388"/>
  <testcase classname="tests.personalInfo" name="getAdmissionsServicesMastersProductsPage" time="0.668"/>
  <testcase classname="tests.personalInfo" name="clickonBoardAcademicInfoPage" time="0.23"/>
  <testcase classname="tests.personalInfo" name="validateNegativePersonalInfo" time="2.102"/>
  <testcase classname="tests.personalInfo" name="validatePositivePersonalInfo" time="3.615"/>
</testsuite> <!-- Personal info test -->
