<?xml version="1.0" encoding="UTF-8"?>
<testng-results ignored="0" total="2" passed="2" failed="0" skipped="0">
  <reporter-output>
    <line>
      <![CDATA[Login Test Started]]>
    </line>
    <line>
      <![CDATA[Login And Personal Info TestTest Completed]]>
    </line>
  </reporter-output>
  <suite started-at="2022-02-18T21:23:47 IST" name="Login Suite" finished-at="2022-02-18T21:26:01 IST" duration-ms="133441">
    <groups>
    </groups>
    <test started-at="2022-02-18T21:23:47 IST" name="Login functionality" finished-at="2022-02-18T21:26:01 IST" duration-ms="133441">
      <class name="tests.login">
        <test-method is-config="true" signature="initDriver()[pri:0, instance:tests.login@43b4fe19]" started-at="2022-02-18T21:23:47 IST" name="initDriver" finished-at="2022-02-18T21:23:49 IST" duration-ms="2033" status="PASS">
          <reporter-output>
            <line>
              <![CDATA[Login Test Started]]>
            </line>
          </reporter-output>
        </test-method> <!-- initDriver -->
        <test-method is-config="true" signature="classLevelSetup()[pri:0, instance:tests.login@43b4fe19]" started-at="2022-02-18T21:23:49 IST" name="classLevelSetup" finished-at="2022-02-18T21:23:49 IST" duration-ms="0" status="PASS">
          <reporter-output>
          </reporter-output>
        </test-method> <!-- classLevelSetup -->
        <test-method signature="doLogIn(java.lang.String,java.lang.String,java.lang.String)[pri:0, instance:tests.login@43b4fe19]" started-at="2022-02-18T21:23:50 IST" name="doLogIn" data-provider="LoginData" finished-at="2022-02-18T21:23:59 IST" duration-ms="9222" status="PASS">
          <params>
            <param index="0">
              <value>
                <![CDATA[testingtester123@gmail.com]]>
              </value>
            </param>
            <param index="1">
              <value>
                <![CDATA[564123456]]>
              </value>
            </param>
            <param index="2">
              <value>
                <![CDATA[Invalid Password]]>
              </value>
            </param>
          </params>
          <reporter-output>
          </reporter-output>
        </test-method> <!-- doLogIn -->
        <test-method signature="doLogIn(java.lang.String,java.lang.String,java.lang.String)[pri:0, instance:tests.login@43b4fe19]" started-at="2022-02-18T21:23:59 IST" name="doLogIn" data-provider="LoginData" finished-at="2022-02-18T21:26:01 IST" duration-ms="121491" status="PASS">
          <params>
            <param index="0">
              <value>
                <![CDATA[testingtester123@gmail.com]]>
              </value>
            </param>
            <param index="1">
              <value>
                <![CDATA[5641234567]]>
              </value>
            </param>
            <param index="2">
              <value>
                <![CDATA[Valid username and password]]>
              </value>
            </param>
          </params>
          <reporter-output>
          </reporter-output>
        </test-method> <!-- doLogIn -->
        <test-method is-config="true" signature="teardown()[pri:0, instance:tests.login@43b4fe19]" started-at="2022-02-18T21:26:01 IST" name="teardown" finished-at="2022-02-18T21:26:01 IST" duration-ms="1" status="PASS">
          <reporter-output>
          </reporter-output>
        </test-method> <!-- teardown -->
        <test-method is-config="true" signature="tearDown()[pri:0, instance:tests.login@43b4fe19]" started-at="2022-02-18T21:26:01 IST" name="tearDown" finished-at="2022-02-18T21:26:01 IST" duration-ms="0" status="PASS">
          <reporter-output>
            <line>
              <![CDATA[Login And Personal Info TestTest Completed]]>
            </line>
          </reporter-output>
        </test-method> <!-- tearDown -->
      </class> <!-- tests.login -->
    </test> <!-- Login functionality -->
  </suite> <!-- Login Suite -->
  <suite started-at="2022-02-18T21:26:01 IST" name="Unified Test Cases" finished-at="2022-02-18T21:26:01 IST" duration-ms="0">
    <groups>
    </groups>
  </suite> <!-- Unified Test Cases -->
</testng-results>
